{
  "RSpec": {
    "coverage": {
      "/Users/lajibolala/Documents/my-academy-quest001/app/helpers/application_helper.rb": {
        "lines": [
          1,
          null
        ]
      },
      "/Users/lajibolala/Documents/my-academy-quest001/app/helpers/brag_documents_helper.rb": {
        "lines": [
          1,
          null
        ]
      },
      "/Users/lajibolala/Documents/my-academy-quest001/app/helpers/quests_helper.rb": {
        "lines": [
          1,
          null
        ]
      },
      "/Users/lajibolala/Documents/my-academy-quest001/app/controllers/quests_controller.rb": {
        "lines": [
          1,
          1,
          null,
          1,
          7,
          7,
          null,
          null,
          1,
          15,
          null,
          15,
          8,
          null,
          7,
          7,
          null,
          null,
          null,
          1,
          10,
          10,
          null,
          null,
          1,
          5,
          5,
          null,
          null,
          1,
          null,
          1,
          18,
          null,
          null,
          1,
          15,
          null,
          null
        ]
      },
      "/Users/lajibolala/Documents/my-academy-quest001/app/controllers/application_controller.rb": {
        "lines": [
          1,
          null,
          null,
          null
        ]
      },
      "/Users/lajibolala/Documents/my-academy-quest001/app/models/quest.rb": {
        "lines": [
          1,
          1,
          null,
          3,
          3,
          null
        ]
      },
      "/Users/lajibolala/Documents/my-academy-quest001/app/models/application_record.rb": {
        "lines": [
          1,
          1,
          null
        ]
      },
      "/Users/lajibolala/Documents/my-academy-quest001/app/controllers/brag_documents_controller.rb": {
        "lines": [
          0,
          0,
          0,
          0
        ],
        "branches": {}
      }
    },
    "timestamp": 1755416173
  }
}
